gtccttccac 1 0.588235294118
tcctcttctc 1 0.588235294118
ggtagatcga 1 0.588235294118
aagagcggta 1 0.588235294118
acgctttaac 1 0.588235294118
gatatggttt 1 0.588235294118
cgttgtcggg 1 0.588235294118
gacgcctgta 1 0.588235294118
cccgaccgtc 1 0.588235294118
ctggactgct 1 0.588235294118
acttccttta 1 0.588235294118
gaggtgtaca 1 0.588235294118
tgggtgggga 1 0.588235294118
gcaattcgac 1 0.588235294118
ccgcacctct 1 0.588235294118
ggtagtagcg 1 0.588235294118
atgagccctg 1 0.588235294118
updated 1 0.588235294118
cggtgatccc 1 0.588235294118
gctgataatc 1 0.588235294118
gccagcaaga 1 0.588235294118
cgcgctagtt 1 0.588235294118
atttatagga 1 0.588235294118
actaagtaga 1 0.588235294118
tgaaagggtt 1 0.588235294118
gagttgcgct 1 0.588235294118
gtggattttt 1 0.588235294118
tatacagctc 1 0.588235294118
tgcgattgta 1 0.588235294118
ccagtttgtg 1 0.588235294118
gggtatgccc 1 0.588235294118
cgtttaaagc 1 0.588235294118
name 1 0.588235294118
acaaaggaac 1 0.588235294118
cgatcgacca 1 0.588235294118
ggtttggtgt 1 0.588235294118
common 1 0.588235294118
atagccagaa 1 0.588235294118
acctgcgcgt 1 0.588235294118
tcaccttcca 1 0.588235294118
gtgttattca 1 0.588235294118
tggtggtgat 1 0.588235294118
cttcgatcaa 1 0.588235294118
ccccaacgag 1 0.588235294118
acgtggtcta 1 0.588235294118
tatcatacgg 1 0.588235294118
ctgtcgcgaa 1 0.588235294118
gactaacaga 1 0.588235294118
gtgctaggcc 1 0.588235294118
tgattccaga 1 0.588235294118
02 1 0.588235294118
aagggtcgcg 1 0.588235294118
tagcgtacca 1 0.588235294118
gacccagcag 1 0.588235294118
05 1 0.588235294118
cagtgtcatg 1 0.588235294118
tgccgactta 1 0.588235294118
ttttcgacac 1 0.588235294118
ctatcggaag 1 0.588235294118
tacagaggtt 1 0.588235294118
ctcgtatgcc 1 0.588235294118
cacgggttgc 1 0.588235294118
cgtaacgggt 1 0.588235294118
caccctacga 1 0.588235294118
ccctgacata 1 0.588235294118
gccttcctat 1 0.588235294118
taactgaata 1 0.588235294118
ttctcgttag 1 0.588235294118
taccggacaa 1 0.588235294118
tatgtgcagc 1 0.588235294118
cgcgaacaca 1 0.588235294118
gtccctccag 1 0.588235294118
tccataggca 1 0.588235294118
gctaatgcat 1 0.588235294118
tggaacccgg 1 0.588235294118
cgaaataaga 1 0.588235294118
ggttaaaatt 1 0.588235294118
tgaggttatg 1 0.588235294118
tatacaattt 1 0.588235294118
ccagtactct 1 0.588235294118
tgtgtgtaaa 1 0.588235294118
classification 1 0.588235294118
cagtctatgt 1 0.588235294118
acgcctggta 1 0.588235294118
agccgggtcg 1 0.588235294118
aagttgtggt 1 0.588235294118
cgcgcccacc 1 0.588235294118
tggactgctt 1 0.588235294118
gaaacagatc 1 0.588235294118
cgtcagagat 1 0.588235294118
ggcacaaccg 1 0.588235294118
gcattaccag 1 0.588235294118
catataatca 1 0.588235294118
tcgatttaca 1 0.588235294118
cttcactgta 1 0.588235294118
aagccgaggg 1 0.588235294118
gatagtagcc 1 0.588235294118
attgacccct 1 0.588235294118
tgaactttac 1 0.588235294118
tggacgcatc 1 0.588235294118
cgaaccccag 1 0.588235294118
cagacctttg 1 0.588235294118
ttttgcaatt 1 0.588235294118
cctatctaca 1 0.588235294118
ccaaatacct 1 0.588235294118
gccgtataga 1 0.588235294118
tcaactgctc 1 0.588235294118
attagaagat 1 0.588235294118
gcgcgggcgg 1 0.588235294118
cggtaccgaa 1 0.588235294118
tggtggggcc 1 0.588235294118
tctcaaatcc 1 0.588235294118
atcacccata 1 0.588235294118
ttcgactagg 1 0.588235294118
catgggatca 1 0.588235294118
cagattgaac 1 0.588235294118
gttgccttcg 1 0.588235294118
gttctgctaa 1 0.588235294118
ctttgattgt 1 0.588235294118
taacttgaag 1 0.588235294118
cctagtgttt 1 0.588235294118
gaactactcg 1 0.588235294118
1745 1 0.588235294118
caggcttggc 1 0.588235294118
tactagactg 1 0.588235294118
ccgccgacgc 1 0.588235294118
tctctctcct 1 0.588235294118
tgtttgtctc 1 0.588235294118
aggatccgtt 1 0.588235294118
agaaaagaga 1 0.588235294118
gccaaacaaa 1 0.588235294118
taagggctcg 1 0.588235294118
ctagtgttat 1 0.588235294118
caaacaggcg 1 0.588235294118
gtgctggccc 1 0.588235294118
ccctttgagg 1 0.588235294118
gcccaataac 1 0.588235294118
gataagtatg 1 0.588235294118
gcgtttcagc 1 0.588235294118
gagtcccttg 1 0.588235294118
ctttacctta 1 0.588235294118
ctaccacttg 1 0.588235294118
tcgtcccata 1 0.588235294118
taggttataa 1 0.588235294118
gcgatcctct 1 0.588235294118
ttcctggtat 1 0.588235294118
cacactcagc 1 0.588235294118
taaggacttc 1 0.588235294118
acacttgctt 1 0.588235294118
basiliscus 1 0.588235294118
basilisk 1 0.588235294118
catttcgcgc 1 0.588235294118
tgtgatgtgt 1 0.588235294118
accgttcaag 1 0.588235294118
ccgaacataa 1 0.588235294118
gtttaagcac 1 0.588235294118
ctgtcttttc 1 0.588235294118
cgtgacaggc 1 0.588235294118
caagcgtcgc 1 0.588235294118
tggacccgct 1 0.588235294118
caagtgttcc 1 0.588235294118
cgggcgctac 1 0.588235294118
ccgcttgaac 1 0.588235294118
gggtggtacg 1 0.588235294118
vulgaris 1 0.588235294118
atttgcggac 1 0.588235294118
cccactcaat 1 0.588235294118
ccaaaacact 1 0.588235294118
ctcccgcgac 1 0.588235294118
cgggacaata 1 0.588235294118
