acgctttaac 2 1.17647058824
gctgataatc 2 1.17647058824
tgaaagggtt 2 1.17647058824
gagttgcgct 2 1.17647058824
aaggggaggg 2 1.17647058824
taggggacaa 2 1.17647058824
acaaaggaac 2 1.17647058824
acgtggtcta 2 1.17647058824
ctttaggtta 2 1.17647058824
aggtgcgcgt 2 1.17647058824
gggaacataa 2 1.17647058824
cgaaggggag 2 1.17647058824
cgaaataaga 2 1.17647058824
aggggggtcg 2 1.17647058824
gtggctggag 2 1.17647058824
acgggtggta 2 1.17647058824
gaggcagcag 2 1.17647058824
gtgctagggg 2 1.17647058824
gtttaagcac 2 1.17647058824
gggtggtacg 2 1.17647058824
ggaaataggt 1 0.588235294118
atcaggcata 1 0.588235294118
gggttggtat 1 0.588235294118
ggtagatcga 1 0.588235294118
aagagcggta 1 0.588235294118
gggcaataac 1 0.588235294118
cgttgtcggg 1 0.588235294118
caagtgttgg 1 0.588235294118
24 1 0.588235294118
ggaaaacact 1 0.588235294118
tctcaaatgg 1 0.588235294118
ctggactgct 1 0.588235294118
gaggtgtaca 1 0.588235294118
gcgatggtct 1 0.588235294118
cggtgatggc 1 0.588235294118
gcaattcgac 1 0.588235294118
cagattgaac 1 0.588235294118
gatagtaggg 1 0.588235294118
updated 1 0.588235294118
cgcgctagtt 1 0.588235294118
ggggggacgc 1 0.588235294118
actaagtaga 1 0.588235294118
ggggtataga 1 0.588235294118
gtggattttt 1 0.588235294118
tcaggttgga 1 0.588235294118
ctaggacttg 1 0.588235294118
tgcgattgta 1 0.588235294118
tggtcttctc 1 0.588235294118
atttatagga 1 0.588235294118
name 1 0.588235294118
taacttgaag 1 0.588235294118
cgcgggcagg 1 0.588235294118
common 1 0.588235294118
tggtgggggg 1 0.588235294118
gatatggttt 1 0.588235294118
tggtggtgat 1 0.588235294118
cttcgatcaa 1 0.588235294118
ttttgcaatt 1 0.588235294118
tatcatacgg 1 0.588235294118
aggatgggtt 1 0.588235294118
gtggttggac 1 0.588235294118
ggcactcaat 1 0.588235294118
gactaacaga 1 0.588235294118
ggctgacata 1 0.588235294118
aagggtcgcg 1 0.588235294118
agggttcaag 1 0.588235294118
cagtgtcatg 1 0.588235294118
ttttcgacac 1 0.588235294118
ctatcggaag 1 0.588235294118
tacagaggtt 1 0.588235294118
gggtatgggc 1 0.588235294118
ggtttggtgt 1 0.588235294118
cacgggttgc 1 0.588235294118
attgaggggt 1 0.588235294118
ctggcgcgac 1 0.588235294118
atagggagaa 1 0.588235294118
taactgaata 1 0.588235294118
ttctcgttag 1 0.588235294118
tatgtgcagc 1 0.588235294118
cgcgaacaca 1 0.588235294118
gctaatgcat 1 0.588235294118
gggcttgaac 1 0.588235294118
ggttaaaatt 1 0.588235294118
tgaggttatg 1 0.588235294118
catgggatca 1 0.588235294118
gtgttattca 1 0.588235294118
tatacaattt 1 0.588235294118
tgtgtgtaaa 1 0.588235294118
classification 1 0.588235294118
unicorn 1 0.588235294118
cagtctatgt 1 0.588235294118
tggaaggcgg 1 0.588235294118
aagttgtggt 1 0.588235294118
cggtagggaa 1 0.588235294118
tggactgctt 1 0.588235294118
1738 1 0.588235294118
tgattggaga 1 0.588235294118
cagaggtttg 1 0.588235294118
gacgggtgta 1 0.588235294118
catataatca 1 0.588235294118
tcgatttaca 1 0.588235294118
atttgcggac 1 0.588235294118
cttcactgta 1 0.588235294118
tggacgcatc 1 0.588235294118
tgaactttac 1 0.588235294118
cgtttaaagc 1 0.588235294118
agaaaagaga 1 0.588235294118
tcaactgctc 1 0.588235294118
monoceros 1 0.588235294118
gtgctggggc 1 0.588235294118
gcgcgggcgg 1 0.588235294118
ggtagtagcg 1 0.588235294118
ttcgactagg 1 0.588235294118
tggaggcgct 1 0.588235294118
11 1 0.588235294118
acttggttta 1 0.588235294118
gttctgctaa 1 0.588235294118
ctttgattgt 1 0.588235294118
ggagtactct 1 0.588235294118
tctctctggt 1 0.588235294118
cgatcgagga 1 0.588235294118
atgagggctg 1 0.588235294118
gaactactcg 1 0.588235294118
caggcttggc 1 0.588235294118
tactagactg 1 0.588235294118
ggcgagggtc 1 0.588235294118
gttgggttcg 1 0.588235294118
cgggcgctac 1 0.588235294118
tagcgtagga 1 0.588235294118
taagggctcg 1 0.588235294118
gagtggcttg 1 0.588235294118
caaacaggcg 1 0.588235294118
tgtgatgtgt 1 0.588235294118
gataagtatg 1 0.588235294118
gcgtttcagc 1 0.588235294118
ctcgtatggg 1 0.588235294118
taggttataa 1 0.588235294118
cacactcagc 1 0.588235294118
acacttgctt 1 0.588235294118
cgtaacgggt 1 0.588235294118
ggcacaaggg 1 0.588235294118
ggctttgagg 1 0.588235294118
catttcgcgc 1 0.588235294118
equus 1 0.588235294118
ctgtcttttc 1 0.588235294118
cgtgacaggc 1 0.588235294118
caagcgtcgc 1 0.588235294118
ggtagtgttt 1 0.588235294118
tggggactta 1 0.588235294118
cgggacaata 1 0.588235294118
